[debug] [2022-10-27T17:30:11.347Z] ----------------------------------------------------------------------
[debug] [2022-10-27T17:30:11.351Z] Command:       C:\Program Files\nodejs\node.exe C:\Users\Golam Rabbi\AppData\Roaming\npm\node_modules\firebase-tools\lib\bin\firebase.js init
[debug] [2022-10-27T17:30:11.353Z] CLI Version:   11.15.0
[debug] [2022-10-27T17:30:11.353Z] Platform:      win32
[debug] [2022-10-27T17:30:11.353Z] Node Version:  v16.17.0
[debug] [2022-10-27T17:30:11.355Z] Time:          Thu Oct 27 2022 23:30:11 GMT+0600 (Bangladesh Standard Time)
[debug] [2022-10-27T17:30:11.355Z] ----------------------------------------------------------------------
[debug] 
[debug] [2022-10-27T17:30:11.368Z] > command requires scopes: ["email","openid","https://www.googleapis.com/auth/cloudplatformprojects.readonly","https://www.googleapis.com/auth/firebase","https://www.googleapis.com/auth/cloud-platform"]
[debug] [2022-10-27T17:30:11.371Z] > authorizing via signed-in user (mohammadrabby85462@gmail.com)
[info] 
     ######## #### ########  ######## ########     ###     ######  ########
     ##        ##  ##     ## ##       ##     ##  ##   ##  ##       ##
     ######    ##  ########  ######   ########  #########  ######  ######
     ##        ##  ##    ##  ##       ##     ## ##     ##       ## ##
     ##       #### ##     ## ######## ########  ##     ##  ######  ########

You're about to initialize a Firebase project in this directory:

  F:\react assignments\online-academy

[info] 
=== Project Setup
[info] 
[info] First, let's associate this project directory with a Firebase project.
[info] You can create multiple project aliases by running firebase use --add, 
[info] but for now we'll just set up a default project.
[info] 
